<?xml version="1.0" encoding="UTF-8"?>
<!-- Generated by org.testng.reporters.JUnitXMLReporter -->
<testsuite hostname="DESKTOP-E3DUP2L" ignored="0" name="Command line test" tests="3" failures="0" timestamp="02 Nov 2018 16:19:58 GMT" time="0.115" errors="0">
  <testcase name="Sub" time="0.039" classname="com.qa.maven.DemoTest"/>
  <testcase name="Sum" time="0.005" classname="com.qa.maven.DemoTest"/>
  <testcase name="div" time="0.001" classname="com.qa.maven.DemoTest"/>
</testsuite> <!-- Command line test -->
